           :-) GROMACS - gmx mdrun, 2023.3-Ubuntu_2023.3_1ubuntu3 (-:

Copyright 1991-2023 The GROMACS Authors.
GROMACS is free software; you can redistribute it and/or modify it
under the terms of the GNU Lesser General Public License
as published by the Free Software Foundation; either version 2.1
of the License, or (at your option) any later version.

                         Current GROMACS contributors:
       Mark Abraham           Andrey Alekseenko           Cathrine Bergh      
      Christian Blau            Eliane Briand             Mahesh Doijade      
    Stefan Fleischmann           Vytas Gapsys              Gaurav Garg        
      Sergey Gorelov         Gilles Gouaillardet            Alan Gray         
     M. Eric Irrgang         Farzaneh Jalalypour            Joe Jordan        
    Christoph Junghans        Prashanth Kanduri          Sebastian Keller     
     Carsten Kutzner           Justin A. Lemkul          Magnus Lundborg      
       Pascal Merz              Vedran Miletic            Dmitry Morozov      
       Szilard Pall             Roland Schulz             Michael Shirts      
     Alexey Shvetsov            Balint Soproni         David van der Spoel    
      Philip Turner             Carsten Uphoff           Alessandra Villa     
 Sebastian Wingbermuehle        Artem Zhmurov       

                         Previous GROMACS contributors:
        Emile Apol             Rossen Apostolov           James Barnett       
  Herman J.C. Berendsen          Par Bjelkmar           Viacheslav Bolnykh    
        Kevin Boyd            Aldert van Buuren          Carlo Camilloni      
     Rudi van Drunen            Anton Feenstra           Oliver Fleetwood     
     Gerrit Groenhof            Bert de Groot             Anca Hamuraru       
    Vincent Hindriksen          Victor Holanda           Aleksei Iupinov      
   Dimitrios Karkoulis           Peter Kasson             Sebastian Kehl      
        Jiri Kraus               Per Larsson              Viveca Lindahl      
      Erik Marklund           Pieter Meulenhoff           Teemu Murtola       
       Sander Pronk             Alfons Sijbers            Peter Tieleman      
       Jon Vincent             Teemu Virolainen         Christian Wennberg    
       Maarten Wolf       

                  Coordinated by the GROMACS project leaders:
                    Paul Bauer, Berk Hess, and Erik Lindahl

GROMACS:      gmx mdrun, version 2023.3-Ubuntu_2023.3_1ubuntu3
Executable:   /usr/bin/gmx
Data prefix:  /usr
Working dir:  /mnt/c/Users/aryan/Downloads/IIITD/BioP/Assignment
Process ID:   1711
Command line:
  gmx mdrun -deffnm nvt

GROMACS version:    2023.3-Ubuntu_2023.3_1ubuntu3
Precision:          mixed
Memory model:       64 bit
MPI library:        thread_mpi
OpenMP support:     enabled (GMX_OPENMP_MAX_THREADS = 128)
GPU support:        disabled
SIMD instructions:  SSE4.1
CPU FFT library:    fftw-3.3.10-sse2-avx
GPU FFT library:    none
Multi-GPU FFT:      none
RDTSCP usage:       enabled
TNG support:        enabled
Hwloc support:      hwloc-2.8.0
Tracing support:    disabled
C compiler:         /usr/bin/cc GNU 13.2.0
C compiler flags:   -fexcess-precision=fast -funroll-all-loops -msse4.1 -Wno-missing-field-initializers -O3 -DNDEBUG
C++ compiler:       /usr/bin/c++ GNU 13.2.0
C++ compiler flags: -fexcess-precision=fast -funroll-all-loops -msse4.1 -Wno-missing-field-initializers -Wno-cast-function-type-strict SHELL:-fopenmp -O3 -DNDEBUG
BLAS library:       External - detected on the system
LAPACK library:     External - detected on the system


Running on 1 node with total 6 cores, 12 processing units
Hardware detected on host Aryan:
  CPU info:
    Vendor: Intel
    Brand:  12th Gen Intel(R) Core(TM) i5-12450HX
    Family: 6   Model: 151   Stepping: 2
    Features: aes apic avx avx2 clfsh cmov cx8 cx16 f16c fma htt intel lahf mmx msr nonstop_tsc pcid pclmuldq pdpe1gb popcnt pse rdrnd rdtscp sha sse2 sse3 sse4.1 sse4.2 ssse3 tdt x2apic
  Hardware topology: Full, with devices
    Packages, cores, and logical processors:
    [indices refer to OS logical processors]
      Package  0: [   0   1] [   2   3] [   4   5] [   6   7] [   8   9] [  10  11]
    CPU limit set by OS: -1   Recommended max number of threads: 12
    Numa nodes:
      Node  0 (8173862912 bytes mem):   0   1   2   3   4   5   6   7   8   9  10  11
      Latency:
               0
         0  1.00
    Caches:
      L1: 49152 bytes, linesize 64 bytes, assoc. 12, shared 2 ways
      L2: 1310720 bytes, linesize 64 bytes, assoc. 10, shared 2 ways
      L3: 12582912 bytes, linesize 64 bytes, assoc. 8, shared 12 ways
    PCI devices:
      5582:00:00.0  Id: 1af4:1043  Class: 0x0100  Numa: 0
      6e15:00:00.0  Id: 1414:008e  Class: 0x0302  Numa: 0
      c413:00:00.0  Id: 1414:008e  Class: 0x0302  Numa: 0

Likely fastest SIMD instructions supported by all nodes: AVX2_256
SIMD instructions selected at compile time:              SSE4.1


++++ PLEASE READ AND CITE THE FOLLOWING REFERENCE ++++
M. J. Abraham, T. Murtola, R. Schulz, S. Páll, J. C. Smith, B. Hess, E.
Lindahl
GROMACS: High performance molecular simulations through multi-level
parallelism from laptops to supercomputers
SoftwareX 1 (2015) pp. 19-25
-------- -------- --- Thank You --- -------- --------


++++ PLEASE READ AND CITE THE FOLLOWING REFERENCE ++++
S. Páll, M. J. Abraham, C. Kutzner, B. Hess, E. Lindahl
Tackling Exascale Software Challenges in Molecular Dynamics Simulations with
GROMACS
In S. Markidis & E. Laure (Eds.), Solving Software Challenges for Exascale 8759 (2015) pp. 3-27
-------- -------- --- Thank You --- -------- --------


++++ PLEASE READ AND CITE THE FOLLOWING REFERENCE ++++
S. Pronk, S. Páll, R. Schulz, P. Larsson, P. Bjelkmar, R. Apostolov, M. R.
Shirts, J. C. Smith, P. M. Kasson, D. van der Spoel, B. Hess, and E. Lindahl
GROMACS 4.5: a high-throughput and highly parallel open source molecular
simulation toolkit
Bioinformatics 29 (2013) pp. 845-54
-------- -------- --- Thank You --- -------- --------


++++ PLEASE READ AND CITE THE FOLLOWING REFERENCE ++++
B. Hess and C. Kutzner and D. van der Spoel and E. Lindahl
GROMACS 4: Algorithms for highly efficient, load-balanced, and scalable
molecular simulation
J. Chem. Theory Comput. 4 (2008) pp. 435-447
-------- -------- --- Thank You --- -------- --------


++++ PLEASE READ AND CITE THE FOLLOWING REFERENCE ++++
D. van der Spoel, E. Lindahl, B. Hess, G. Groenhof, A. E. Mark and H. J. C.
Berendsen
GROMACS: Fast, Flexible and Free
J. Comp. Chem. 26 (2005) pp. 1701-1719
-------- -------- --- Thank You --- -------- --------


++++ PLEASE READ AND CITE THE FOLLOWING REFERENCE ++++
E. Lindahl and B. Hess and D. van der Spoel
GROMACS 3.0: A package for molecular simulation and trajectory analysis
J. Mol. Mod. 7 (2001) pp. 306-317
-------- -------- --- Thank You --- -------- --------


++++ PLEASE READ AND CITE THE FOLLOWING REFERENCE ++++
H. J. C. Berendsen, D. van der Spoel and R. van Drunen
GROMACS: A message-passing parallel molecular dynamics implementation
Comp. Phys. Comm. 91 (1995) pp. 43-56
-------- -------- --- Thank You --- -------- --------

Input Parameters:
   integrator                     = md
   tinit                          = 0
   dt                             = 0.002
   nsteps                         = 50000
   init-step                      = 0
   simulation-part                = 1
   mts                            = false
   comm-mode                      = Linear
   nstcomm                        = 100
   bd-fric                        = 0
   ld-seed                        = -4326041
   emtol                          = 10
   emstep                         = 0.01
   niter                          = 20
   fcstep                         = 0
   nstcgsteep                     = 1000
   nbfgscorr                      = 10
   rtpi                           = 0.05
   nstxout                        = 0
   nstvout                        = 0
   nstfout                        = 0
   nstlog                         = 1000
   nstcalcenergy                  = 100
   nstenergy                      = 1000
   nstxout-compressed             = 0
   compressed-x-precision         = 1000
   cutoff-scheme                  = Verlet
   nstlist                        = 10
   pbc                            = xyz
   periodic-molecules             = false
   verlet-buffer-tolerance        = 0.005
   rlist                          = 1.108
   coulombtype                    = Cut-off
   coulomb-modifier               = Potential-shift
   rcoulomb-switch                = 0
   rcoulomb                       = 1
   epsilon-r                      = 1
   epsilon-rf                     = inf
   vdw-type                       = Cut-off
   vdw-modifier                   = Potential-shift
   rvdw-switch                    = 0
   rvdw                           = 1
   DispCorr                       = No
   table-extension                = 1
   fourierspacing                 = 0.12
   fourier-nx                     = 0
   fourier-ny                     = 0
   fourier-nz                     = 0
   pme-order                      = 4
   ewald-rtol                     = 1e-05
   ewald-rtol-lj                  = 0.001
   lj-pme-comb-rule               = Geometric
   ewald-geometry                 = 3d
   epsilon-surface                = 0
   ensemble-temperature-setting   = constant
   ensemble-temperature           = 318
   tcoupl                         = Nose-Hoover
   nsttcouple                     = 10
   nh-chain-length                = 1
   print-nose-hoover-chain-variables = false
   pcoupl                         = No
   pcoupltype                     = Isotropic
   nstpcouple                     = -1
   tau-p                          = 1
   compressibility (3x3):
      compressibility[    0]={ 0.00000e+00,  0.00000e+00,  0.00000e+00}
      compressibility[    1]={ 0.00000e+00,  0.00000e+00,  0.00000e+00}
      compressibility[    2]={ 0.00000e+00,  0.00000e+00,  0.00000e+00}
   ref-p (3x3):
      ref-p[    0]={ 0.00000e+00,  0.00000e+00,  0.00000e+00}
      ref-p[    1]={ 0.00000e+00,  0.00000e+00,  0.00000e+00}
      ref-p[    2]={ 0.00000e+00,  0.00000e+00,  0.00000e+00}
   refcoord-scaling               = No
   posres-com (3):
      posres-com[0]= 0.00000e+00
      posres-com[1]= 0.00000e+00
      posres-com[2]= 0.00000e+00
   posres-comB (3):
      posres-comB[0]= 0.00000e+00
      posres-comB[1]= 0.00000e+00
      posres-comB[2]= 0.00000e+00
   QMMM                           = false
qm-opts:
   ngQM                           = 0
   constraint-algorithm           = Lincs
   continuation                   = false
   Shake-SOR                      = false
   shake-tol                      = 0.0001
   lincs-order                    = 4
   lincs-iter                     = 1
   lincs-warnangle                = 30
   nwall                          = 0
   wall-type                      = 9-3
   wall-r-linpot                  = -1
   wall-atomtype[0]               = -1
   wall-atomtype[1]               = -1
   wall-density[0]                = 0
   wall-density[1]                = 0
   wall-ewald-zfac                = 3
   pull                           = false
   awh                            = false
   rotation                       = false
   interactiveMD                  = false
   disre                          = No
   disre-weighting                = Conservative
   disre-mixed                    = false
   dr-fc                          = 1000
   dr-tau                         = 0
   nstdisreout                    = 100
   orire-fc                       = 0
   orire-tau                      = 0
   nstorireout                    = 100
   free-energy                    = no
   cos-acceleration               = 0
   deform (3x3):
      deform[    0]={ 0.00000e+00,  0.00000e+00,  0.00000e+00}
      deform[    1]={ 0.00000e+00,  0.00000e+00,  0.00000e+00}
      deform[    2]={ 0.00000e+00,  0.00000e+00,  0.00000e+00}
   simulated-tempering            = false
   swapcoords                     = no
   userint1                       = 0
   userint2                       = 0
   userint3                       = 0
   userint4                       = 0
   userreal1                      = 0
   userreal2                      = 0
   userreal3                      = 0
   userreal4                      = 0
   applied-forces:
     electric-field:
       x:
         E0                       = 0
         omega                    = 0
         t0                       = 0
         sigma                    = 0
       y:
         E0                       = 0
         omega                    = 0
         t0                       = 0
         sigma                    = 0
       z:
         E0                       = 0
         omega                    = 0
         t0                       = 0
         sigma                    = 0
     density-guided-simulation:
       active                     = false
       group                      = protein
       similarity-measure         = inner-product
       atom-spreading-weight      = unity
       force-constant             = 1e+09
       gaussian-transform-spreading-width = 0.2
       gaussian-transform-spreading-range-in-multiples-of-width = 4
       reference-density-filename = reference.mrc
       nst                        = 1
       normalize-densities        = true
       adaptive-force-scaling     = false
       adaptive-force-scaling-time-constant = 4
       shift-vector               = 
       transformation-matrix      = 
     qmmm-cp2k:
       active                     = false
       qmgroup                    = System
       qmmethod                   = PBE
       qmfilenames                = 
       qmcharge                   = 0
       qmmultiplicity             = 1
grpopts:
   nrdf:     373.852     7224.15
   ref-t:         318         318
   tau-t:         0.5         0.5
annealing:          No          No
annealing-npoints:           0           0
   acc:	           0           0           0
   nfreeze:           N           N           N
   energygrp-flags[  0]: 0

Changing nstlist from 10 to 20, rlist from 1.108 to 1.237

When checking whether update groups are usable:
  Domain decomposition is not active, so there is no need for update groups
Using 1 MPI thread
Using 12 OpenMP threads 

System total charge: -0.000
Potential shift: LJ r^-12: -1.000e+00 r^-6: -1.000e+00, Coulomb -1e+00
Generated table with 1118 data points for 1-4 COUL.
Tabscale = 500 points/nm
Generated table with 1118 data points for 1-4 LJ6.
Tabscale = 500 points/nm
Generated table with 1118 data points for 1-4 LJ12.
Tabscale = 500 points/nm


Using SIMD 4x4 nonbonded short-range kernels

Using a dual 4x4 pair-list setup updated with dynamic pruning:
  outer list: updated every 20 steps, buffer 0.237 nm, rlist 1.237 nm
  inner list: updated every  4 steps, buffer 0.032 nm, rlist 1.032 nm
At tolerance 0.005 kJ/mol/ps per atom, equivalent classical 1x1 list would be:
  outer list: updated every 20 steps, buffer 0.284 nm, rlist 1.284 nm
  inner list: updated every  4 steps, buffer 0.040 nm, rlist 1.040 nm

The non-bonded pair calculation algorithm tolerates a few missing pair interactions close to the cut-off. This can lead to a systematic overestimation of the pressure due to missing LJ interactions. The error in the average pressure due to missing LJ interactions is at most 0.00 bar.
The pressure error can be controlled by setting the environment variable GMX_VERLET_BUFFER_PRESSURE_TOLERANCE to the allowed error in units of bar.

Using Geometric Lennard-Jones combination rule
Removing pbc first time

Pinning threads with an auto-selected logical cpu stride of 1

Initializing LINear Constraint Solver

++++ PLEASE READ AND CITE THE FOLLOWING REFERENCE ++++
B. Hess and H. Bekker and H. J. C. Berendsen and J. G. E. M. Fraaije
LINCS: A Linear Constraint Solver for molecular simulations
J. Comp. Chem. 18 (1997) pp. 1463-1472
-------- -------- --- Thank You --- -------- --------

The number of constraints is 70

++++ PLEASE READ AND CITE THE FOLLOWING REFERENCE ++++
S. Miyamoto and P. A. Kollman
SETTLE: An Analytical Version of the SHAKE and RATTLE Algorithms for Rigid
Water Models
J. Comp. Chem. 13 (1992) pp. 952-962
-------- -------- --- Thank You --- -------- --------

There are: 3761 Atoms

Constraining the starting coordinates (step 0)

Constraining the coordinates at t0-dt (step 0)
Center of mass motion removal mode is Linear
We have the following groups for center of mass motion removal:
  0:  rest
RMS relative constraint deviation after constraining: 6.05e-07
Initial temperature: 6.71999e-08 K

Started mdrun on rank 0 Thu Apr 16 16:45:21 2026

           Step           Time
              0        0.00000

   Energies (kJ/mol)
           Bond          Angle    Proper Dih. Ryckaert-Bell.          LJ-14
    2.13762e+01    1.21638e+02    4.38788e+00    2.16202e+02    1.80418e+02
     Coulomb-14        LJ (SR)   Coulomb (SR) Position Rest.      Potential
    9.64187e+02    8.32348e+03   -6.93858e+04    5.46434e-05   -5.95541e+04
    Kinetic En.   Total Energy  Conserved En.    Temperature Pressure (bar)
    3.88932e+01   -5.95152e+04   -5.95152e+04    1.23132e+00   -6.07761e+03
   Constr. rmsd
    6.23350e-07

           Step           Time
           1000        2.00000

   Energies (kJ/mol)
           Bond          Angle    Proper Dih. Ryckaert-Bell.          LJ-14
    1.29419e+02    2.97750e+02    2.85122e+01    2.26128e+02    1.70420e+02
     Coulomb-14        LJ (SR)   Coulomb (SR) Position Rest.      Potential
    9.59148e+02    8.10960e+03   -7.79237e+04    9.10097e+01   -6.79117e+04
    Kinetic En.   Total Energy  Conserved En.    Temperature Pressure (bar)
    9.85665e+03   -5.80550e+04   -5.33822e+04    3.12051e+02   -4.54347e+03
   Constr. rmsd
    2.65242e-06

           Step           Time
           2000        4.00000

   Energies (kJ/mol)
           Bond          Angle    Proper Dih. Ryckaert-Bell.          LJ-14
    1.24030e+02    3.21345e+02    2.86080e+01    2.60691e+02    1.95078e+02
     Coulomb-14        LJ (SR)   Coulomb (SR) Position Rest.      Potential
    9.57997e+02    8.30790e+03   -7.81869e+04    6.72302e+01   -6.79241e+04
    Kinetic En.   Total Energy  Conserved En.    Temperature Pressure (bar)
    1.05323e+04   -5.73917e+04   -5.04101e+04    3.33443e+02   -4.49539e+03
   Constr. rmsd
    2.28076e-06

           Step           Time
           3000        6.00000

   Energies (kJ/mol)
           Bond          Angle    Proper Dih. Ryckaert-Bell.          LJ-14
    1.24399e+02    3.60500e+02    2.34179e+01    2.34801e+02    1.86897e+02
     Coulomb-14        LJ (SR)   Coulomb (SR) Position Rest.      Potential
    9.54036e+02    8.78396e+03   -8.07008e+04    5.93453e+01   -6.99735e+04
    Kinetic En.   Total Energy  Conserved En.    Temperature Pressure (bar)
    9.31063e+03   -6.06629e+04   -4.87956e+04    2.94765e+02   -5.51342e+03
   Constr. rmsd
    2.64841e-06

           Step           Time
           4000        8.00000

   Energies (kJ/mol)
           Bond          Angle    Proper Dih. Ryckaert-Bell.          LJ-14
    1.19689e+02    3.30611e+02    2.53112e+01    2.40905e+02    1.73146e+02
     Coulomb-14        LJ (SR)   Coulomb (SR) Position Rest.      Potential
    9.50374e+02    8.61018e+03   -7.90085e+04    5.79477e+01   -6.85004e+04
    Kinetic En.   Total Energy  Conserved En.    Temperature Pressure (bar)
    9.93234e+03   -5.85680e+04   -4.71386e+04    3.14447e+02   -4.53893e+03
   Constr. rmsd
    1.93530e-06

           Step           Time
           5000       10.00000

   Energies (kJ/mol)
           Bond          Angle    Proper Dih. Ryckaert-Bell.          LJ-14
    1.23123e+02    2.85302e+02    2.01801e+01    2.19898e+02    1.80189e+02
     Coulomb-14        LJ (SR)   Coulomb (SR) Position Rest.      Potential
    9.41377e+02    8.48530e+03   -8.04938e+04    6.88891e+01   -7.01696e+04
    Kinetic En.   Total Energy  Conserved En.    Temperature Pressure (bar)
    9.68971e+03   -6.04799e+04   -4.53203e+04    3.06766e+02   -4.45803e+03
   Constr. rmsd
    1.69674e-06

           Step           Time
           6000       12.00000

   Energies (kJ/mol)
           Bond          Angle    Proper Dih. Ryckaert-Bell.          LJ-14
    1.46469e+02    3.44759e+02    1.31318e+01    2.20914e+02    1.90755e+02
     Coulomb-14        LJ (SR)   Coulomb (SR) Position Rest.      Potential
    9.43310e+02    8.76781e+03   -8.10210e+04    6.06612e+01   -7.03332e+04
    Kinetic En.   Total Energy  Conserved En.    Temperature Pressure (bar)
    1.00420e+04   -6.02912e+04   -4.35653e+04    3.17918e+02   -3.51744e+03
   Constr. rmsd
    2.35349e-06

           Step           Time
           7000       14.00000

   Energies (kJ/mol)
           Bond          Angle    Proper Dih. Ryckaert-Bell.          LJ-14
    1.14149e+02    3.40977e+02    1.97617e+01    2.29948e+02    1.85491e+02
     Coulomb-14        LJ (SR)   Coulomb (SR) Position Rest.      Potential
    9.54601e+02    8.62928e+03   -8.06072e+04    5.68218e+01   -7.00762e+04
    Kinetic En.   Total Energy  Conserved En.    Temperature Pressure (bar)
    1.02960e+04   -5.97802e+04   -4.19928e+04    3.25962e+02   -3.82151e+03
   Constr. rmsd
    2.60299e-06

           Step           Time
           8000       16.00000

   Energies (kJ/mol)
           Bond          Angle    Proper Dih. Ryckaert-Bell.          LJ-14
    1.36534e+02    3.46661e+02    1.48129e+01    2.16569e+02    1.95531e+02
     Coulomb-14        LJ (SR)   Coulomb (SR) Position Rest.      Potential
    9.61034e+02    9.14396e+03   -8.16330e+04    6.74990e+01   -7.05504e+04
    Kinetic En.   Total Energy  Conserved En.    Temperature Pressure (bar)
    1.01899e+04   -6.03605e+04   -4.03553e+04    3.22600e+02   -5.97394e+03
   Constr. rmsd
    3.46237e-06

           Step           Time
           9000       18.00000

   Energies (kJ/mol)
           Bond          Angle    Proper Dih. Ryckaert-Bell.          LJ-14
    1.22522e+02    3.11051e+02    1.66356e+01    2.25909e+02    1.68519e+02
     Coulomb-14        LJ (SR)   Coulomb (SR) Position Rest.      Potential
    9.24275e+02    9.19912e+03   -8.23082e+04    7.44718e+01   -7.12657e+04
    Kinetic En.   Total Energy  Conserved En.    Temperature Pressure (bar)
    9.68788e+03   -6.15778e+04   -3.87990e+04    3.06708e+02   -5.91022e+03
   Constr. rmsd
    2.36963e-06

           Step           Time
          10000       20.00000

   Energies (kJ/mol)
           Bond          Angle    Proper Dih. Ryckaert-Bell.          LJ-14
    1.28319e+02    3.41488e+02    2.14471e+01    2.44035e+02    1.91395e+02
     Coulomb-14        LJ (SR)   Coulomb (SR) Position Rest.      Potential
    9.39800e+02    8.44782e+03   -8.00942e+04    5.56157e+01   -6.97243e+04
    Kinetic En.   Total Energy  Conserved En.    Temperature Pressure (bar)
    1.04985e+04   -5.92258e+04   -3.69429e+04    3.32372e+02   -4.99183e+03
   Constr. rmsd
    2.80068e-06

           Step           Time
          11000       22.00000

   Energies (kJ/mol)
           Bond          Angle    Proper Dih. Ryckaert-Bell.          LJ-14
    1.10268e+02    3.29751e+02    1.25677e+01    2.08719e+02    1.77833e+02
     Coulomb-14        LJ (SR)   Coulomb (SR) Position Rest.      Potential
    9.43701e+02    8.63303e+03   -8.09358e+04    5.57482e+01   -7.04642e+04
    Kinetic En.   Total Energy  Conserved En.    Temperature Pressure (bar)
    1.00671e+04   -6.03971e+04   -3.49570e+04    3.18714e+02   -2.74055e+03
   Constr. rmsd
    2.74488e-06

           Step           Time
          12000       24.00000

   Energies (kJ/mol)
           Bond          Angle    Proper Dih. Ryckaert-Bell.          LJ-14
    1.19862e+02    3.59619e+02    2.65500e+01    2.19812e+02    2.03481e+02
     Coulomb-14        LJ (SR)   Coulomb (SR) Position Rest.      Potential
    9.63480e+02    8.60005e+03   -8.13956e+04    6.58619e+01   -7.08369e+04
    Kinetic En.   Total Energy  Conserved En.    Temperature Pressure (bar)
    1.04531e+04   -6.03838e+04   -3.33288e+04    3.30934e+02   -3.65544e+03
   Constr. rmsd
    2.71443e-06

           Step           Time
          13000       26.00000

   Energies (kJ/mol)
           Bond          Angle    Proper Dih. Ryckaert-Bell.          LJ-14
    1.30456e+02    3.85030e+02    1.56944e+01    2.10443e+02    1.97070e+02
     Coulomb-14        LJ (SR)   Coulomb (SR) Position Rest.      Potential
    9.83051e+02    8.64151e+03   -8.18882e+04    6.86402e+01   -7.12563e+04
    Kinetic En.   Total Energy  Conserved En.    Temperature Pressure (bar)
    1.01552e+04   -6.11010e+04   -3.14728e+04    3.21505e+02   -5.56515e+03
   Constr. rmsd
    4.02135e-06

           Step           Time
          14000       28.00000

   Energies (kJ/mol)
           Bond          Angle    Proper Dih. Ryckaert-Bell.          LJ-14
    1.19869e+02    3.44862e+02    1.77314e+01    2.48814e+02    1.99736e+02
     Coulomb-14        LJ (SR)   Coulomb (SR) Position Rest.      Potential
    9.76918e+02    8.76748e+03   -8.15974e+04    6.63591e+01   -7.08557e+04
    Kinetic En.   Total Energy  Conserved En.    Temperature Pressure (bar)
    1.02505e+04   -6.06051e+04   -2.99158e+04    3.24521e+02   -4.11088e+03
   Constr. rmsd
    4.51518e-06

           Step           Time
          15000       30.00000

   Energies (kJ/mol)
           Bond          Angle    Proper Dih. Ryckaert-Bell.          LJ-14
    1.30390e+02    3.29314e+02    2.69345e+01    2.31166e+02    2.03181e+02
     Coulomb-14        LJ (SR)   Coulomb (SR) Position Rest.      Potential
    9.73213e+02    8.72458e+03   -8.14311e+04    8.28651e+01   -7.07294e+04
    Kinetic En.   Total Energy  Conserved En.    Temperature Pressure (bar)
    1.02036e+04   -6.05258e+04   -2.79427e+04    3.23034e+02   -3.60189e+03
   Constr. rmsd
    6.10779e-06

           Step           Time
          16000       32.00000

   Energies (kJ/mol)
           Bond          Angle    Proper Dih. Ryckaert-Bell.          LJ-14
    1.34939e+02    2.79734e+02    1.35246e+01    2.35382e+02    1.90707e+02
     Coulomb-14        LJ (SR)   Coulomb (SR) Position Rest.      Potential
    9.72719e+02    8.62898e+03   -8.17256e+04    6.09202e+01   -7.12087e+04
    Kinetic En.   Total Energy  Conserved En.    Temperature Pressure (bar)
    1.04463e+04   -6.07624e+04   -2.64018e+04    3.30719e+02   -3.80702e+03
   Constr. rmsd
    4.27104e-06

           Step           Time
          17000       34.00000

   Energies (kJ/mol)
           Bond          Angle    Proper Dih. Ryckaert-Bell.          LJ-14
    1.24470e+02    3.67455e+02    1.19942e+01    2.46223e+02    2.01236e+02
     Coulomb-14        LJ (SR)   Coulomb (SR) Position Rest.      Potential
    9.65427e+02    9.25334e+03   -8.22171e+04    7.57709e+01   -7.09712e+04
    Kinetic En.   Total Energy  Conserved En.    Temperature Pressure (bar)
    1.02152e+04   -6.07560e+04   -2.46625e+04    3.23401e+02   -3.83889e+03
   Constr. rmsd
    1.26099e-06

           Step           Time
          18000       36.00000

   Energies (kJ/mol)
           Bond          Angle    Proper Dih. Ryckaert-Bell.          LJ-14
    1.40925e+02    3.54243e+02    1.71079e+01    2.50588e+02    2.12342e+02
     Coulomb-14        LJ (SR)   Coulomb (SR) Position Rest.      Potential
    9.72383e+02    8.61664e+03   -8.16041e+04    7.96482e+01   -7.09602e+04
    Kinetic En.   Total Energy  Conserved En.    Temperature Pressure (bar)
    9.97406e+03   -6.09861e+04   -2.30830e+04    3.15768e+02   -4.62592e+03
   Constr. rmsd
    2.42222e-06

           Step           Time
          19000       38.00000

   Energies (kJ/mol)
           Bond          Angle    Proper Dih. Ryckaert-Bell.          LJ-14
    1.42303e+02    3.97463e+02    3.37584e+01    1.98952e+02    1.93126e+02
     Coulomb-14        LJ (SR)   Coulomb (SR) Position Rest.      Potential
    9.47781e+02    8.84475e+03   -8.11042e+04    9.74049e+01   -7.02487e+04
    Kinetic En.   Total Energy  Conserved En.    Temperature Pressure (bar)
    1.06255e+04   -5.96232e+04   -2.11570e+04    3.36391e+02   -2.91971e+03
   Constr. rmsd
    2.38208e-06

           Step           Time
          20000       40.00000

   Energies (kJ/mol)
           Bond          Angle    Proper Dih. Ryckaert-Bell.          LJ-14
    1.39350e+02    3.49979e+02    2.46157e+01    2.23854e+02    1.84056e+02
     Coulomb-14        LJ (SR)   Coulomb (SR) Position Rest.      Potential
    9.67396e+02    8.92023e+03   -8.28121e+04    7.08563e+01   -7.19318e+04
    Kinetic En.   Total Energy  Conserved En.    Temperature Pressure (bar)
    9.29734e+03   -6.26344e+04   -1.94816e+04    2.94344e+02   -1.84284e+03
   Constr. rmsd
    3.70974e-06

           Step           Time
          21000       42.00000

   Energies (kJ/mol)
           Bond          Angle    Proper Dih. Ryckaert-Bell.          LJ-14
    1.10445e+02    3.43229e+02    2.14884e+01    2.37756e+02    1.96752e+02
     Coulomb-14        LJ (SR)   Coulomb (SR) Position Rest.      Potential
    9.50320e+02    8.71881e+03   -8.14237e+04    6.60686e+01   -7.07788e+04
    Kinetic En.   Total Energy  Conserved En.    Temperature Pressure (bar)
    1.01479e+04   -6.06309e+04   -1.77768e+04    3.21272e+02   -4.89082e+03
   Constr. rmsd
    1.76497e-06

           Step           Time
          22000       44.00000

   Energies (kJ/mol)
           Bond          Angle    Proper Dih. Ryckaert-Bell.          LJ-14
    1.43593e+02    4.08870e+02    1.95757e+01    2.06092e+02    1.91368e+02
     Coulomb-14        LJ (SR)   Coulomb (SR) Position Rest.      Potential
    9.31135e+02    9.18236e+03   -8.22259e+04    7.66749e+01   -7.10662e+04
    Kinetic En.   Total Energy  Conserved En.    Temperature Pressure (bar)
    1.03413e+04   -6.07249e+04   -1.58889e+04    3.27395e+02   -3.48392e+03
   Constr. rmsd
    4.41049e-06

           Step           Time
          23000       46.00000

   Energies (kJ/mol)
           Bond          Angle    Proper Dih. Ryckaert-Bell.          LJ-14
    1.81179e+02    3.64347e+02    2.04139e+01    2.49208e+02    1.74250e+02
     Coulomb-14        LJ (SR)   Coulomb (SR) Position Rest.      Potential
    9.64030e+02    8.71746e+03   -8.18920e+04    6.78860e+01   -7.11532e+04
    Kinetic En.   Total Energy  Conserved En.    Temperature Pressure (bar)
    9.87785e+03   -6.12753e+04   -1.43389e+04    3.12722e+02   -5.13136e+03
   Constr. rmsd
    3.12488e-06

           Step           Time
          24000       48.00000

   Energies (kJ/mol)
           Bond          Angle    Proper Dih. Ryckaert-Bell.          LJ-14
    1.26500e+02    3.52250e+02    2.04889e+01    2.03402e+02    1.88997e+02
     Coulomb-14        LJ (SR)   Coulomb (SR) Position Rest.      Potential
    9.50691e+02    8.90733e+03   -8.22617e+04    7.16743e+01   -7.14403e+04
    Kinetic En.   Total Energy  Conserved En.    Temperature Pressure (bar)
    1.03116e+04   -6.11287e+04   -1.28923e+04    3.26454e+02   -6.31834e+03
   Constr. rmsd
    2.80027e-06

           Step           Time
          25000       50.00000

   Energies (kJ/mol)
           Bond          Angle    Proper Dih. Ryckaert-Bell.          LJ-14
    9.25269e+01    3.53041e+02    1.72486e+01    1.89114e+02    2.11544e+02
     Coulomb-14        LJ (SR)   Coulomb (SR) Position Rest.      Potential
    9.65706e+02    8.88356e+03   -8.19346e+04    9.31882e+01   -7.11287e+04
    Kinetic En.   Total Energy  Conserved En.    Temperature Pressure (bar)
    9.98709e+03   -6.11416e+04   -1.11553e+04    3.16181e+02   -5.47444e+03
   Constr. rmsd
    2.50498e-06

           Step           Time
          26000       52.00000

   Energies (kJ/mol)
           Bond          Angle    Proper Dih. Ryckaert-Bell.          LJ-14
    8.81089e+01    3.22543e+02    1.62001e+01    2.03730e+02    1.83901e+02
     Coulomb-14        LJ (SR)   Coulomb (SR) Position Rest.      Potential
    9.41026e+02    9.11612e+03   -8.30254e+04    9.09907e+01   -7.20628e+04
    Kinetic En.   Total Energy  Conserved En.    Temperature Pressure (bar)
    9.94118e+03   -6.21216e+04   -9.53845e+03    3.14727e+02   -3.84405e+03
   Constr. rmsd
    3.56814e-06

           Step           Time
          27000       54.00000

   Energies (kJ/mol)
           Bond          Angle    Proper Dih. Ryckaert-Bell.          LJ-14
    1.03794e+02    3.56435e+02    1.41615e+01    2.31859e+02    2.03109e+02
     Coulomb-14        LJ (SR)   Coulomb (SR) Position Rest.      Potential
    9.47305e+02    9.01161e+03   -8.19849e+04    7.71695e+01   -7.10395e+04
    Kinetic En.   Total Energy  Conserved En.    Temperature Pressure (bar)
    1.00225e+04   -6.10170e+04   -8.01118e+03    3.17300e+02   -3.51280e+03
   Constr. rmsd
    2.95584e-06

           Step           Time
          28000       56.00000

   Energies (kJ/mol)
           Bond          Angle    Proper Dih. Ryckaert-Bell.          LJ-14
    1.35399e+02    3.50649e+02    3.28422e+01    2.50210e+02    1.92528e+02
     Coulomb-14        LJ (SR)   Coulomb (SR) Position Rest.      Potential
    9.47275e+02    9.05369e+03   -8.20767e+04    7.32797e+01   -7.10408e+04
    Kinetic En.   Total Energy  Conserved En.    Temperature Pressure (bar)
    1.02589e+04   -6.07819e+04   -6.07802e+03    3.24786e+02   -4.94085e+03
   Constr. rmsd
    3.27672e-06

           Step           Time
          29000       58.00000

   Energies (kJ/mol)
           Bond          Angle    Proper Dih. Ryckaert-Bell.          LJ-14
    1.41751e+02    3.40442e+02    2.24083e+01    2.28512e+02    1.71735e+02
     Coulomb-14        LJ (SR)   Coulomb (SR) Position Rest.      Potential
    9.60863e+02    8.84371e+03   -8.23243e+04    9.05465e+01   -7.15243e+04
    Kinetic En.   Total Energy  Conserved En.    Temperature Pressure (bar)
    1.00311e+04   -6.14932e+04   -4.44912e+03    3.17573e+02   -5.70172e+03
   Constr. rmsd
    2.69610e-06

           Step           Time
          30000       60.00000

   Energies (kJ/mol)
           Bond          Angle    Proper Dih. Ryckaert-Bell.          LJ-14
    1.23627e+02    3.45396e+02    2.26064e+01    2.40943e+02    1.88258e+02
     Coulomb-14        LJ (SR)   Coulomb (SR) Position Rest.      Potential
    9.59528e+02    9.02752e+03   -8.20882e+04    5.57476e+01   -7.11246e+04
    Kinetic En.   Total Energy  Conserved En.    Temperature Pressure (bar)
    1.04906e+04   -6.06340e+04   -2.68362e+03    3.32121e+02   -6.74066e+03
   Constr. rmsd
    2.12867e-06

           Step           Time
          31000       62.00000

   Energies (kJ/mol)
           Bond          Angle    Proper Dih. Ryckaert-Bell.          LJ-14
    1.26127e+02    3.44223e+02    1.42070e+01    2.37290e+02    1.88979e+02
     Coulomb-14        LJ (SR)   Coulomb (SR) Position Rest.      Potential
    9.70809e+02    8.81159e+03   -8.15097e+04    5.57708e+01   -7.07607e+04
    Kinetic En.   Total Energy  Conserved En.    Temperature Pressure (bar)
    1.02839e+04   -6.04769e+04   -9.27281e+02    3.25576e+02   -6.87620e+03
   Constr. rmsd
    2.89475e-06

           Step           Time
          32000       64.00000

   Energies (kJ/mol)
           Bond          Angle    Proper Dih. Ryckaert-Bell.          LJ-14
    1.36432e+02    3.32621e+02    1.56570e+01    2.76497e+02    1.69597e+02
     Coulomb-14        LJ (SR)   Coulomb (SR) Position Rest.      Potential
    9.63486e+02    9.23227e+03   -8.22646e+04    5.67990e+01   -7.10812e+04
    Kinetic En.   Total Energy  Conserved En.    Temperature Pressure (bar)
    1.02637e+04   -6.08175e+04    1.17141e+03    3.24938e+02   -3.42444e+03
   Constr. rmsd
    2.19231e-06

           Step           Time
          33000       66.00000

   Energies (kJ/mol)
           Bond          Angle    Proper Dih. Ryckaert-Bell.          LJ-14
    1.64654e+02    3.57834e+02    2.50491e+01    2.35857e+02    1.95256e+02
     Coulomb-14        LJ (SR)   Coulomb (SR) Position Rest.      Potential
    9.41436e+02    8.90421e+03   -8.20814e+04    5.13230e+01   -7.12058e+04
    Kinetic En.   Total Energy  Conserved En.    Temperature Pressure (bar)
    1.00890e+04   -6.11168e+04    2.63105e+03    3.19407e+02   -5.71377e+03
   Constr. rmsd
    2.65167e-06

           Step           Time
          34000       68.00000

   Energies (kJ/mol)
           Bond          Angle    Proper Dih. Ryckaert-Bell.          LJ-14
    1.16318e+02    3.39011e+02    2.23184e+01    2.39858e+02    1.88811e+02
     Coulomb-14        LJ (SR)   Coulomb (SR) Position Rest.      Potential
    9.61823e+02    9.01720e+03   -8.31449e+04    7.09018e+01   -7.21886e+04
    Kinetic En.   Total Energy  Conserved En.    Temperature Pressure (bar)
    9.39322e+03   -6.27954e+04    4.45456e+03    2.97380e+02   -5.94461e+03
   Constr. rmsd
    1.88706e-06

           Step           Time
          35000       70.00000

   Energies (kJ/mol)
           Bond          Angle    Proper Dih. Ryckaert-Bell.          LJ-14
    1.33719e+02    3.86841e+02    1.62955e+01    2.20742e+02    1.93710e+02
     Coulomb-14        LJ (SR)   Coulomb (SR) Position Rest.      Potential
    9.49506e+02    8.86116e+03   -8.15894e+04    6.16621e+01   -7.07657e+04
    Kinetic En.   Total Energy  Conserved En.    Temperature Pressure (bar)
    1.02964e+04   -6.04694e+04    6.11764e+03    3.25972e+02   -5.56157e+03
   Constr. rmsd
    2.49156e-06

           Step           Time
          36000       72.00000

   Energies (kJ/mol)
           Bond          Angle    Proper Dih. Ryckaert-Bell.          LJ-14
    1.68686e+02    3.48401e+02    2.46607e+01    2.44206e+02    1.78629e+02
     Coulomb-14        LJ (SR)   Coulomb (SR) Position Rest.      Potential
    9.53757e+02    9.06086e+03   -8.22827e+04    5.22805e+01   -7.12512e+04
    Kinetic En.   Total Energy  Conserved En.    Temperature Pressure (bar)
    1.03354e+04   -6.09158e+04    8.34508e+03    3.27208e+02   -6.53425e+03
   Constr. rmsd
    5.73547e-06

           Step           Time
          37000       74.00000

   Energies (kJ/mol)
           Bond          Angle    Proper Dih. Ryckaert-Bell.          LJ-14
    1.10912e+02    3.19462e+02    1.26064e+01    2.41963e+02    2.06675e+02
     Coulomb-14        LJ (SR)   Coulomb (SR) Position Rest.      Potential
    9.73848e+02    8.95452e+03   -8.31032e+04    6.05958e+01   -7.22226e+04
    Kinetic En.   Total Energy  Conserved En.    Temperature Pressure (bar)
    9.49599e+03   -6.27266e+04    9.83768e+03    3.00633e+02   -6.71815e+03
   Constr. rmsd
    1.47818e-06

           Step           Time
          38000       76.00000

   Energies (kJ/mol)
           Bond          Angle    Proper Dih. Ryckaert-Bell.          LJ-14
    1.35895e+02    2.92423e+02    1.83874e+01    2.39150e+02    1.76300e+02
     Coulomb-14        LJ (SR)   Coulomb (SR) Position Rest.      Potential
    9.57188e+02    8.93302e+03   -8.15019e+04    5.32549e+01   -7.06962e+04
    Kinetic En.   Total Energy  Conserved En.    Temperature Pressure (bar)
    1.01761e+04   -6.05201e+04    1.18028e+04    3.22165e+02   -3.45428e+03
   Constr. rmsd
    1.75829e-06

           Step           Time
          39000       78.00000

   Energies (kJ/mol)
           Bond          Angle    Proper Dih. Ryckaert-Bell.          LJ-14
    1.77354e+02    3.38207e+02    1.60105e+01    2.02932e+02    1.84008e+02
     Coulomb-14        LJ (SR)   Coulomb (SR) Position Rest.      Potential
    9.54132e+02    9.17981e+03   -8.27237e+04    5.37840e+01   -7.16175e+04
    Kinetic En.   Total Energy  Conserved En.    Temperature Pressure (bar)
    9.58829e+03   -6.20292e+04    1.33742e+04    3.03555e+02   -5.13675e+03
   Constr. rmsd
    2.42886e-06

           Step           Time
          40000       80.00000

   Energies (kJ/mol)
           Bond          Angle    Proper Dih. Ryckaert-Bell.          LJ-14
    1.12253e+02    3.95389e+02    1.73588e+01    2.31325e+02    1.83726e+02
     Coulomb-14        LJ (SR)   Coulomb (SR) Position Rest.      Potential
    9.66972e+02    9.13009e+03   -8.25141e+04    4.92368e+01   -7.14278e+04
    Kinetic En.   Total Energy  Conserved En.    Temperature Pressure (bar)
    1.02949e+04   -6.11328e+04    1.47344e+04    3.25927e+02   -6.42956e+03
   Constr. rmsd
    2.13528e-06

           Step           Time
          41000       82.00000

   Energies (kJ/mol)
           Bond          Angle    Proper Dih. Ryckaert-Bell.          LJ-14
    1.52955e+02    4.33230e+02    2.30040e+01    2.33924e+02    1.58562e+02
     Coulomb-14        LJ (SR)   Coulomb (SR) Position Rest.      Potential
    9.41299e+02    9.01048e+03   -8.20050e+04    6.37720e+01   -7.09878e+04
    Kinetic En.   Total Energy  Conserved En.    Temperature Pressure (bar)
    1.06196e+04   -6.03682e+04    1.65611e+04    3.36205e+02   -5.86391e+03
   Constr. rmsd
    3.81417e-06

           Step           Time
          42000       84.00000

   Energies (kJ/mol)
           Bond          Angle    Proper Dih. Ryckaert-Bell.          LJ-14
    1.35066e+02    3.71836e+02    1.92419e+01    2.40063e+02    1.90539e+02
     Coulomb-14        LJ (SR)   Coulomb (SR) Position Rest.      Potential
    9.62867e+02    8.85445e+03   -8.28728e+04    5.59597e+01   -7.20427e+04
    Kinetic En.   Total Energy  Conserved En.    Temperature Pressure (bar)
    9.82219e+03   -6.22205e+04    1.82098e+04    3.10960e+02   -6.22756e+03
   Constr. rmsd
    2.64916e-06

           Step           Time
          43000       86.00000

   Energies (kJ/mol)
           Bond          Angle    Proper Dih. Ryckaert-Bell.          LJ-14
    1.15098e+02    3.15346e+02    2.22476e+01    2.25758e+02    1.79768e+02
     Coulomb-14        LJ (SR)   Coulomb (SR) Position Rest.      Potential
    9.67019e+02    8.99017e+03   -8.22438e+04    5.59772e+01   -7.13724e+04
    Kinetic En.   Total Energy  Conserved En.    Temperature Pressure (bar)
    1.03067e+04   -6.10656e+04    1.99199e+04    3.26301e+02   -6.23348e+03
   Constr. rmsd
    2.38520e-06

           Step           Time
          44000       88.00000

   Energies (kJ/mol)
           Bond          Angle    Proper Dih. Ryckaert-Bell.          LJ-14
    1.61603e+02    3.34723e+02    2.98578e+01    2.25712e+02    2.00057e+02
     Coulomb-14        LJ (SR)   Coulomb (SR) Position Rest.      Potential
    9.68422e+02    9.17151e+03   -8.24109e+04    6.10727e+01   -7.12579e+04
    Kinetic En.   Total Energy  Conserved En.    Temperature Pressure (bar)
    1.01632e+04   -6.10947e+04    2.19003e+04    3.21757e+02   -3.17083e+03
   Constr. rmsd
    2.29415e-06

           Step           Time
          45000       90.00000

   Energies (kJ/mol)
           Bond          Angle    Proper Dih. Ryckaert-Bell.          LJ-14
    1.54592e+02    3.57737e+02    1.49916e+01    1.99880e+02    1.73384e+02
     Coulomb-14        LJ (SR)   Coulomb (SR) Position Rest.      Potential
    9.52699e+02    9.34428e+03   -8.29323e+04    5.93246e+01   -7.16754e+04
    Kinetic En.   Total Energy  Conserved En.    Temperature Pressure (bar)
    1.00979e+04   -6.15775e+04    2.32976e+04    3.19689e+02   -4.09401e+03
   Constr. rmsd
    1.94413e-06

           Step           Time
          46000       92.00000

   Energies (kJ/mol)
           Bond          Angle    Proper Dih. Ryckaert-Bell.          LJ-14
    1.16808e+02    3.72818e+02    1.31083e+01    2.31397e+02    1.65128e+02
     Coulomb-14        LJ (SR)   Coulomb (SR) Position Rest.      Potential
    9.51800e+02    9.06852e+03   -8.19683e+04    6.62798e+01   -7.09825e+04
    Kinetic En.   Total Energy  Conserved En.    Temperature Pressure (bar)
    1.03293e+04   -6.06532e+04    2.50229e+04    3.27014e+02   -3.47284e+03
   Constr. rmsd
    2.74167e-06

           Step           Time
          47000       94.00000

   Energies (kJ/mol)
           Bond          Angle    Proper Dih. Ryckaert-Bell.          LJ-14
    1.24444e+02    3.61453e+02    2.76190e+01    2.26484e+02    2.00446e+02
     Coulomb-14        LJ (SR)   Coulomb (SR) Position Rest.      Potential
    9.51203e+02    8.97712e+03   -8.29019e+04    5.58096e+01   -7.19773e+04
    Kinetic En.   Total Energy  Conserved En.    Temperature Pressure (bar)
    9.85030e+03   -6.21270e+04    2.67842e+04    3.11850e+02   -5.46965e+03
   Constr. rmsd
    5.20977e-06

           Step           Time
          48000       96.00000

   Energies (kJ/mol)
           Bond          Angle    Proper Dih. Ryckaert-Bell.          LJ-14
    1.18793e+02    3.30140e+02    2.28267e+01    2.42596e+02    1.73999e+02
     Coulomb-14        LJ (SR)   Coulomb (SR) Position Rest.      Potential
    9.40880e+02    9.07128e+03   -8.25235e+04    5.31137e+01   -7.15699e+04
    Kinetic En.   Total Energy  Conserved En.    Temperature Pressure (bar)
    1.00979e+04   -6.14720e+04    2.83424e+04    3.19689e+02   -4.60144e+03
   Constr. rmsd
    2.57424e-06

           Step           Time
          49000       98.00000

   Energies (kJ/mol)
           Bond          Angle    Proper Dih. Ryckaert-Bell.          LJ-14
    9.80156e+01    3.38907e+02    2.84841e+01    2.79824e+02    2.12352e+02
     Coulomb-14        LJ (SR)   Coulomb (SR) Position Rest.      Potential
    9.92810e+02    9.06059e+03   -8.24882e+04    4.90326e+01   -7.14282e+04
    Kinetic En.   Total Energy  Conserved En.    Temperature Pressure (bar)
    1.03891e+04   -6.10391e+04    3.00626e+04    3.28907e+02   -5.04395e+03
   Constr. rmsd
    3.49461e-06

           Step           Time
          50000      100.00000

Writing checkpoint, step 50000 at Thu Apr 16 16:45:55 2026


   Energies (kJ/mol)
           Bond          Angle    Proper Dih. Ryckaert-Bell.          LJ-14
    1.22756e+02    3.43825e+02    2.49365e+01    2.26744e+02    1.85384e+02
     Coulomb-14        LJ (SR)   Coulomb (SR) Position Rest.      Potential
    9.65718e+02    8.86867e+03   -8.19760e+04    6.15976e+01   -7.11763e+04
    Kinetic En.   Total Energy  Conserved En.    Temperature Pressure (bar)
    1.01431e+04   -6.10332e+04    3.19214e+04    3.21119e+02   -4.43466e+03
   Constr. rmsd
    2.16865e-06


Energy conservation over simulation part #1 of length 100 ps, time 0 to 100 ps
  Conserved energy drift: 2.43e-01 kJ/mol/ps per atom


	<======  ###############  ==>
	<====  A V E R A G E S  ====>
	<==  ###############  ======>

	Statistics over 50001 steps using 501 frames

   Energies (kJ/mol)
           Bond          Angle    Proper Dih. Ryckaert-Bell.          LJ-14
    1.25261e+02    3.40625e+02    2.08817e+01    2.35732e+02    1.85943e+02
     Coulomb-14        LJ (SR)   Coulomb (SR) Position Rest.      Potential
    9.56437e+02    8.87565e+03   -8.15974e+04    7.14369e+01   -7.07855e+04
    Kinetic En.   Total Energy  Conserved En.    Temperature Pressure (bar)
    1.00314e+04   -6.07541e+04   -1.10702e+04    3.17582e+02   -4.76496e+03
   Constr. rmsd
    0.00000e+00

   Total Virial (kJ/mol)
    9.27227e+03   -1.89133e+02   -4.33816e+02
   -1.89185e+02    9.06503e+03    2.99544e+02
   -4.33855e+02    2.99515e+02    9.62736e+03

   Pressure (bar)
   -4.71826e+03    1.55792e+02    3.47878e+02
    1.55834e+02   -4.56806e+03   -2.44322e+02
    3.47909e+02   -2.44299e+02   -5.00857e+03

      T-ProteinT-Water_and_ions
    3.17433e+02    3.17590e+02


	M E G A - F L O P S   A C C O U N T I N G

 NB=Group-cutoff nonbonded kernels    NxN=N-by-N cluster Verlet kernels
 RF=Reaction-Field  VdW=Van der Waals  QSTab=quadratic-spline table
 W3=SPC/TIP3p  W4=TIP4p (single or pairs)
 V&F=Potential and force  V=Potential only  F=Force only

 Computing:                               M-Number         M-Flops  % Flops
-----------------------------------------------------------------------------
 Pair Search distance check            3321.354584       29892.191     0.7
 NxN RF Elec. + LJ [F]                60194.034928     2287373.327    55.5
 NxN RF Elec. + LJ [V&F]                609.121584       32892.566     0.8
 NxN RF Electrostatics [F]            55286.124400     1713869.856    41.6
 NxN RF Electrostatics [V&F]            559.442496       20139.930     0.5
 1,4 nonbonded interactions              19.950399        1795.536     0.0
 Shift-X                                  9.406261          56.438     0.0
 Bonds                                    4.050081         238.955     0.0
 Angles                                  13.800276        2318.446     0.1
 Propers                                  1.600032         366.407     0.0
 RB-Dihedrals                            15.950319        3939.729     0.1
 Pos. Restr.                              3.900078         195.004     0.0
 Virial                                   1.906806          34.323     0.0
 Stop-CM                                  1.888022          18.880     0.0
 Calc-Ekin                               37.617522        1015.673     0.0
 Lincs                                    3.500210         210.013     0.0
 Lincs-Mat                               16.200972          64.804     0.0
 Constraint-V                           187.607504        1688.468     0.0
 Constraint-Vir                           1.844682          44.272     0.0
 Settle                                  60.203612       22275.336     0.5
-----------------------------------------------------------------------------
 Total                                                 4118430.154   100.0
-----------------------------------------------------------------------------


      R E A L   C Y C L E   A N D   T I M E   A C C O U N T I N G

On 1 MPI rank, each using 12 OpenMP threads

 Activity:              Num   Num      Call    Wall time         Giga-Cycles
                        Ranks Threads  Count      (s)         total sum    %
--------------------------------------------------------------------------------
 Neighbor search           1   12       2501       3.088         99.341   8.9
 Force                     1   12      50001      24.220        779.168  70.2
 NB X/F buffer ops.        1   12      97501       4.143        133.283  12.0
 Write traj.               1   12          1       0.051          1.633   0.1
 Update                    1   12      50001       1.086         34.931   3.1
 Constraints               1   12      50003       1.559         50.139   4.5
 Rest                                              0.357         11.496   1.0
--------------------------------------------------------------------------------
 Total                                            34.503       1109.990 100.0
--------------------------------------------------------------------------------

               Core t (s)   Wall t (s)        (%)
       Time:      413.975       34.503     1199.8
                 (ns/day)    (hour/ns)
Performance:      250.417        0.096
Finished mdrun on rank 0 Thu Apr 16 16:45:55 2026

